[debug] [2023-02-19T20:16:21.983Z] ----------------------------------------------------------------------
[debug] [2023-02-19T20:16:21.984Z] Command:       /usr/local/bin/node /usr/local/bin/firebase init
[debug] [2023-02-19T20:16:21.984Z] CLI Version:   11.23.1
[debug] [2023-02-19T20:16:21.984Z] Platform:      darwin
[debug] [2023-02-19T20:16:21.984Z] Node Version:  v18.12.1
[debug] [2023-02-19T20:16:21.985Z] Time:          Sun Feb 19 2023 14:16:21 GMT-0600 (Central Standard Time)
[debug] [2023-02-19T20:16:21.985Z] ----------------------------------------------------------------------
[debug] 
[debug] [2023-02-19T20:16:21.986Z] >>> [apiv2][query] GET https://firebase-public.firebaseio.com/cli.json [none]
[debug] [2023-02-19T20:16:22.007Z] > command requires scopes: ["email","openid","https://www.googleapis.com/auth/cloudplatformprojects.readonly","https://www.googleapis.com/auth/firebase","https://www.googleapis.com/auth/cloud-platform"]
[debug] [2023-02-19T20:16:22.007Z] > authorizing via signed-in user (a00828902@tec.mx)
[info] 
     ######## #### ########  ######## ########     ###     ######  ########
     ##        ##  ##     ## ##       ##     ##  ##   ##  ##       ##
     ######    ##  ########  ######   ########  #########  ######  ######
     ##        ##  ##    ##  ##       ##     ## ##     ##       ## ##
     ##       #### ##     ## ######## ########  ##     ##  ######  ########

You're about to initialize a Firebase project in this directory:

  /Users/javier/Documents/React/deploychat

[debug] [2023-02-19T20:16:22.116Z] <<< [apiv2][status] GET https://firebase-public.firebaseio.com/cli.json 200
[debug] [2023-02-19T20:16:22.116Z] <<< [apiv2][body] GET https://firebase-public.firebaseio.com/cli.json {"cloudBuildErrorAfter":1594252800000,"cloudBuildWarnAfter":1590019200000,"defaultNode10After":1594252800000,"minVersion":"3.0.5","node8DeploysDisabledAfter":1613390400000,"node8RuntimeDisabledAfter":1615809600000,"node8WarnAfter":1600128000000}
[info] 
=== Project Setup
[info] 
[info] First, let's associate this project directory with a Firebase project.
[info] You can create multiple project aliases by running firebase use --add, 
[info] but for now we'll just set up a default project.
[info] 
[debug] [2023-02-19T20:17:01.479Z] > refreshing access token with scopes: []
[debug] [2023-02-19T20:17:01.481Z] >>> [apiv2][query] POST https://www.googleapis.com/oauth2/v3/token [none]
[debug] [2023-02-19T20:17:01.481Z] >>> [apiv2][body] POST https://www.googleapis.com/oauth2/v3/token [omitted]
[debug] [2023-02-19T20:17:01.650Z] <<< [apiv2][status] POST https://www.googleapis.com/oauth2/v3/token 200
[debug] [2023-02-19T20:17:01.650Z] <<< [apiv2][body] POST https://www.googleapis.com/oauth2/v3/token [omitted]
[debug] [2023-02-19T20:17:01.677Z] >>> [apiv2][query] GET https://firebase.googleapis.com/v1beta1/projects pageSize=100
[debug] [2023-02-19T20:17:02.085Z] <<< [apiv2][status] GET https://firebase.googleapis.com/v1beta1/projects 200
[debug] [2023-02-19T20:17:02.085Z] <<< [apiv2][body] GET https://firebase.googleapis.com/v1beta1/projects [omitted]
[info] i  Using project chat-c6028 (chat) 
[info] 
=== Hosting Setup
[info] 
[info] Your public directory is the folder (relative to your project directory) that
[info] will contain Hosting assets to be uploaded with firebase deploy. If you
[info] have a build process for your assets, use your build's output directory.
[info] 
[info] ✔  Wrote public/404.html 
[debug] [2023-02-19T20:18:47.561Z] >>> [apiv2][query] GET https://www.gstatic.com/firebasejs/releases.json [none]
[debug] [2023-02-19T20:18:47.643Z] <<< [apiv2][status] GET https://www.gstatic.com/firebasejs/releases.json 200
[debug] [2023-02-19T20:18:47.644Z] <<< [apiv2][body] GET https://www.gstatic.com/firebasejs/releases.json {"current":{"version":"9.17.1","browserURL":"https://www.gstatic.com/firebasejs/9.17.1/firebase.js","packageURL":"https://www.gstatic.com/firebasejs/9.17.1/firebase.tgz"},"live":{"version":"9.17","browserURL":"https://www.gstatic.com/firebasejs/live/9.17/firebase.js","packageURL":"https://www.gstatic.com/firebasejs/live/9.17/firebase.tgz"},"components":{"analytics":"https://www.gstatic.com/firebasejs/9.17.1/firebase-analytics.js","app":"https://www.gstatic.com/firebasejs/9.17.1/firebase-app.js","app-check":"https://www.gstatic.com/firebasejs/9.17.1/firebase-app-check.js","auth":"https://www.gstatic.com/firebasejs/9.17.1/firebase-auth.js","auth/cordova":"https://www.gstatic.com/firebasejs/9.17.1/firebase-auth/cordova.js","auth/react-native":"https://www.gstatic.com/firebasejs/9.17.1/firebase-auth/react-native.js","functions":"https://www.gstatic.com/firebasejs/9.17.1/firebase-functions.js","firestore":"https://www.gstatic.com/firebasejs/9.17.1/firebase-firestore.js","firestore/lite":"https://www.gstatic.com/firebasejs/9.17.1/firebase-firestore/lite.js","installations":"https://www.gstatic.com/firebasejs/9.17.1/firebase-installations.js","storage":"https://www.gstatic.com/firebasejs/9.17.1/firebase-storage.js","performance":"https://www.gstatic.com/firebasejs/9.17.1/firebase-performance.js","remote-config":"https://www.gstatic.com/firebasejs/9.17.1/firebase-remote-config.js","messaging":"https://www.gstatic.com/firebasejs/9.17.1/firebase-messaging.js","messaging/sw":"https://www.gstatic.com/firebasejs/9.17.1/firebase-messaging/sw.js","database":"https://www.gstatic.com/firebasejs/9.17.1/firebase-database.js","firestore.memory":"https://www.gstatic.com/firebasejs/9.17.1/firebase-firestore.memory.js"}}
[info] i  Skipping write of public/index.html 
[info] 
[info] i  Detected a .git folder at /Users/javier/Documents/React/deploychat 
[info] i  Authorizing with GitHub to upload your service account to a GitHub repository's secrets store. 
[info] 
[info] Visit this URL on this device to log in:
[info] https://github.com/login/oauth/authorize?client_id=89cf50f02ac6aaed3484&state=447867208&redirect_uri=http%3A%2F%2Flocalhost%3A9005&scope=read%3Auser%20repo%20public_repo
[info] 
[info] Waiting for authentication...
[debug] [2023-02-19T20:19:42.979Z] >>> [apiv2][query] POST https://github.com/login/oauth/access_token [none]
[debug] [2023-02-19T20:19:42.979Z] >>> [apiv2][body] POST https://github.com/login/oauth/access_token [stream]
[debug] [2023-02-19T20:19:43.273Z] <<< [apiv2][status] POST https://github.com/login/oauth/access_token 200
[debug] [2023-02-19T20:19:43.273Z] <<< [apiv2][body] POST https://github.com/login/oauth/access_token {"access_token":"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","token_type":"bearer","scope":"read:user,repo"}
[debug] [2023-02-19T20:19:43.281Z] >>> [apiv2][query] GET https://api.github.com/user [none]
[debug] [2023-02-19T20:19:43.884Z] <<< [apiv2][status] GET https://api.github.com/user 200
[debug] [2023-02-19T20:19:43.884Z] <<< [apiv2][body] GET https://api.github.com/user {"login":"JavierTrevino","id":90715841,"node_id":"MDQ6VXNlcjkwNzE1ODQx","avatar_url":"https://avatars.githubusercontent.com/u/90715841?v=4","gravatar_id":"","url":"https://api.github.com/users/JavierTrevino","html_url":"https://github.com/JavierTrevino","followers_url":"https://api.github.com/users/JavierTrevino/followers","following_url":"https://api.github.com/users/JavierTrevino/following{/other_user}","gists_url":"https://api.github.com/users/JavierTrevino/gists{/gist_id}","starred_url":"https://api.github.com/users/JavierTrevino/starred{/owner}{/repo}","subscriptions_url":"https://api.github.com/users/JavierTrevino/subscriptions","organizations_url":"https://api.github.com/users/JavierTrevino/orgs","repos_url":"https://api.github.com/users/JavierTrevino/repos","events_url":"https://api.github.com/users/JavierTrevino/events{/privacy}","received_events_url":"https://api.github.com/users/JavierTrevino/received_events","type":"User","site_admin":false,"name":"Javier Treviño","company":null,"blog":"","location":null,"email":null,"hireable":null,"bio":null,"twitter_username":null,"public_repos":9,"public_gists":0,"followers":0,"following":0,"created_at":"2021-09-14T16:58:54Z","updated_at":"2023-02-13T21:23:10Z","private_gists":0,"total_private_repos":0,"owned_private_repos":0,"disk_usage":5398,"collaborators":0,"two_factor_authentication":false,"plan":{"name":"free","space":976562499,"collaborators":0,"private_repos":10000}}
[info] 
[info] ✔  Success! Logged into GitHub as JavierTrevino 
[info] 
